<?xml version="1.0" encoding="UTF-8"?>
<!-- Generated by org.testng.reporters.JUnitXMLReporter -->
<testsuite ignored="0" hostname="DESKTOP-KRUKUAF" failures="0" tests="2" name="Firefox" time="19.027" errors="0" timestamp="2022-09-27T23:35:37 IST">
  <testcase classname="testpack.TestNGClass" name="@BeforeClass createPOMObject" time="2.054">
    <failure type="java.lang.NullPointerException" message="Cannot invoke &amp;quot;org.apache.poi.ss.usermodel.Sheet.getRow(int)&amp;quot; because the return value of &amp;quot;org.apache.poi.ss.usermodel.Workbook.getSheet(String)&amp;quot; is null">
      <![CDATA[java.lang.NullPointerException: Cannot invoke "org.apache.poi.ss.usermodel.Sheet.getRow(int)" because the return value of "org.apache.poi.ss.usermodel.Workbook.getSheet(String)" is null
at utils.Utility.getID(Utility.java:34)
at testpack.TestNGClass.createPOMObject(TestNGClass.java:58)
at java.base/java.util.ArrayList.forEach(ArrayList.java:1511)
at java.base/java.util.concurrent.FutureTask.run(FutureTask.java:264)
at java.base/java.util.concurrent.ThreadPoolExecutor.runWorker(ThreadPoolExecutor.java:1136)
at java.base/java.util.concurrent.ThreadPoolExecutor$Worker.run(ThreadPoolExecutor.java:635)
at java.base/java.lang.Thread.run(Thread.java:833)
... Removed 14 stack frames]]>
    </failure>
  </testcase> <!-- @BeforeClass createPOMObject -->
  <testcase classname="testpack.TestNGClass" name="@BeforeMethod goToroompage" time="-1.664301936983E9">
    <skipped/>
  </testcase> <!-- @BeforeMethod goToroompage -->
  <testcase classname="testpack.TestNGClass" name="@AfterMethod afterMethod" time="-1.664301936994E9">
    <skipped/>
  </testcase> <!-- @AfterMethod afterMethod -->
  <testcase classname="testpack.TestNGClass" name="@BeforeMethod goToroompage" time="-1.664301937059E9">
    <skipped/>
  </testcase> <!-- @BeforeMethod goToroompage -->
  <testcase classname="testpack.TestNGClass" name="@AfterMethod afterMethod" time="-1.664301937073E9">
    <skipped/>
  </testcase> <!-- @AfterMethod afterMethod -->
  <testcase classname="testpack.TestNGClass" name="@AfterClass afterClass" time="-1.664301937076E9">
    <skipped/>
  </testcase> <!-- @AfterClass afterClass -->
  <testcase classname="testpack.TestNGClass" name="@AfterClass removeObjects" time="-1.664301937079E9">
    <skipped/>
  </testcase> <!-- @AfterClass removeObjects -->
  <testcase classname="testpack.TestNGClass" name="@AfterTest closeBrowser" time="-1.664301937082E9">
    <skipped/>
  </testcase> <!-- @AfterTest closeBrowser -->
  <testcase classname="testpack.TestNGClass" name="VerifyContactHelpCenter" time="0.0">
    <skipped/>
  </testcase> <!-- VerifyContactHelpCenter -->
  <testcase classname="testpack.TestNGClass" name="VerifyReturnToMessanger" time="0.0">
    <skipped/>
  </testcase> <!-- VerifyReturnToMessanger -->
</testsuite> <!-- Firefox -->
